<?xml version="1.0" encoding="UTF-8"?>
<testng-results skipped="0" failed="0" ignored="0" total="1" passed="1">
  <reporter-output>
  </reporter-output>
  <suite name="Default suite" duration-ms="39623" started-at="2020-07-09T15:26:25Z" finished-at="2020-07-09T15:27:05Z">
    <groups>
    </groups>
    <test name="Default test" duration-ms="39623" started-at="2020-07-09T15:26:25Z" finished-at="2020-07-09T15:27:05Z">
      <class name="EggTimerTest.CountdownTimer">
        <test-method status="PASS" signature="HomePage()[pri:0, instance:EggTimerTest.CountdownTimer@5bcab519]" name="HomePage" duration-ms="39595" started-at="2020-07-09T15:26:25Z" finished-at="2020-07-09T15:27:05Z">
          <reporter-output>
          </reporter-output>
        </test-method> <!-- HomePage -->
      </class> <!-- EggTimerTest.CountdownTimer -->
    </test> <!-- Default test -->
  </suite> <!-- Default suite -->
</testng-results>
